<?xml version="1.0" encoding="UTF-8"?>
<testsuite xmlns:xsi="http://www.w3.org/2001/XMLSchema-instance" xsi:noNamespaceSchemaLocation="https://maven.apache.org/surefire/maven-surefire-plugin/xsd/surefire-test-report.xsd" name="TestSuite" time="120.488" tests="5" errors="0" skipped="0" failures="4">
  <properties>
[...]
</properties>
  <testcase name="validateAppTitle" classname="Academy.validateTitle" time="2.611">
    <failure message="expected [FEATURED CO123URSES] but found [FEATURED COURSES]" type="java.lang.AssertionError">java.lang.AssertionError: expected [FEATURED CO123URSES] but found [FEATURED COURSES]
	at Academy.validateTitle.validateAppTitle(validateTitle.java:43)
</failure>
    <system-out><![CDATA[firefox
firefox
firefox
]]></system-out>
    <system-err><![CDATA[15931318542410	mozrunner::runner	INFO	R5unni9n3g3 18542410c	ommozrumnannerd::runne:r 	INFO	"RuCn:n\i\ng commPand: "C:r\o\gPrroagramm  Files\\Mozilla FirFeifloexs\\\\fMiorzeiflolxa.exe" "-marion eFtitree"f o"x-\f\ofriergefroox.unedxe" "-marion1593318542412	mozrunner::runner	INFO	R" "-no-remote" "-profile" "C:\\Users\\unning commaend: "C:\\Program Files\\Mozilla Firefox\\firefox.exe" "-mrarionetttea" "t-mfeoer"esg roun\d""\ -"A-fnpoo-remote" "pD-rpareotfgialre\"o \"uCL:n\o\Users\\rames\\AppDadtca"\\Local\\Temp\\rust_mozprofile6fqhdm"
al\\Temp\\rust_m oz"-no-remote" "-profile" "C:\\Userps\\rames\\AppData\\Local\\Temp\\rust_mozprofilreofileOzEPL3"
7KKY5n"
JavaScript error: resource://gre/modules/XULStore.jsm, line 66: Error: Can't find profile directory.
JavaScript error: resoJavaScript error: resurce://gre/modules/XULStoource://gre.jsm, line 66: rEe/mrodurleso/XULSrto:re .jCsm, line 66: Error: Can't find profile directory.
an't find profile directory.
console.console.error: "Could not werite session state filrror: "Could not write session stae " (new te file Error(" (new Error("_"_initWorinitWorker called too early! Please rker calledead the too early! Please read the session file session fil fre from dom isk fdisirstk f.", "rirsesourt.",ce:///module "resours/sce:///messionstoodulere/SessionFils/sessione.jsm", 375)) "_instore/SessioitWorker/<@nFile.jsm", 3resource:///modules/sessionstore/SessionFile.js75))m:375:15\n_initWorker@r "_initWesource:orker/<//@resource/mo://dul/modulees/sess/sessionstorse/SessionionFilstore.jse/Sm:375:15\n_essionFile.jsm:368initWorker@resour:12\n_ce:///posmotToWduleorkes/sr@reessiosournstorce:e/Session///moFildules/sesse.jionsm:sto368:re/12\nSess_poionstToWorker@resoFile.jsurce:///modules/sem:410ssi:16\nwonstore/ritSessie@ronFile.jsm:41esou0:16\rcenwri:///te@remodusoulesrce:/se///ssimodonstuleore/Ss/essiosessnFile.jsm:io448:nst24\nore/SessionFwrite@rile.jsm:448:24\nwrite@resouesourcrce:///modulee://s/s/moduleessis/sonstoressionstore/SessionFile.jse/Sessionm:75:32\n_writeFilSte.jsm:75:32ate@\n_writeState@resource:///modulresource:///modesul/sessionses/sessionstore/Store/SesesssionSaionver.Saverjsm:360.js:24\n_sm:360:2aveState@res4\n_souraveSce:/tate@resource//mo:///modudules/sessionstoles/sessionre/Sstore/SessionSaver.jsm:294:17\n_saveStateAsync@resource:///modules/sessionstore/SessessionSaver.jsm:29ionSaver4:1.jsm:7\n344_sav:10\neStateAsynsavc@resourceeStateAs:///modules/sessionstoyncWhenIdle@resoure/SessionSaver.jsm:344:10\nsaveStateAsyncWhrce:///modules/sessioenIdle@resource:nstore/SessionSaver.jsm:191:1///modules/4\ncallbacksessionstore@resource://gre/SessionSav/modules/Timer.jsm:er.191:14\njsm:127callback@re:16\nsource:/"
/gre/modules/Timer.jsm:127:16\n"
JavaScript error: resource://gre/modules/NetworkGeolocationProvider.jsm, line 555: TypeError: xhr.response.location is undefined
JavaScript error: resource://gre/modules/NetworkGeolocationProvider.jsm, line 555: TypeError: xhr.response.location is undefined
1593318571501	Marionette	INFO	Listening on port 50664
1593318571504	Marionette	INFO	Listening on port 50665
1593318571790	Marionette	WARN	TLS certificate errors will be ignored for this session
[Parent 15284, Gecko_IOThread] WARNING: file /builds/worker/checkouts/gecko/ipc/chromium/src/base/process_util_win.cc, line 166
Jun 28, 2020 9:59:33 AM org.openqa.selenium.remote.ProtocolHandshake createSession
INFO: Detected dialect: W3C
1593318574329	Marionette	INFO	Listening on port 50666
1593318575666	Marionette	WARN	TLS certificate errors will be ignored for this session
Jun 28, 2020 9:59:35 AM org.openqa.selenium.remote.ProtocolHandshake createSession
INFO: Detected dialect: W3C
[Parent 1212, Gecko_IOThread] WARNING: file /builds/worker/checkouts/gecko/ipc/chromium/src/base/process_util_win.cc, line 166
1593318575927	Marionette	WARN	TLS certificate errors will be ignored for this session
Jun 28, 2020 9:59:35 AM org.openqa.selenium.remote.ProtocolHandshake createSession
INFO: Detected dialect: W3C
]]></system-err>
  </testcase>
  <testcase name="validateAppNavBar" classname="Academy.validateNavigationBar" time="0.531"/>
  <testcase name="basePageNavigation" classname="Academy.HomePage" time="29.025">
    <failure message="Tried to run command without establishing a connection&#10;Build info: version: &apos;3.141.59&apos;, revision: &apos;e82be7d358&apos;, time: &apos;2018-11-14T08:17:03&apos;&#10;System info: host: &apos;LAPTOP-M6F29H3O&apos;, ip: &apos;192.168.1.102&apos;, os.name: &apos;Windows 10&apos;, os.arch: &apos;amd64&apos;, os.version: &apos;10.0&apos;, java.version: &apos;1.8.0_241&apos;&#10;Driver info: org.openqa.selenium.firefox.FirefoxDriver&#10;Capabilities {acceptInsecureCerts: true, browserName: firefox, browserVersion: 77.0.1, javascriptEnabled: true, moz:accessibilityChecks: false, moz:buildID: 20200602222727, moz:geckodriverVersion: 0.26.0, moz:headless: false, moz:processID: 1212, moz:profile: C:\Users\rames\AppData\Loca..., moz:shutdownTimeout: 60000, moz:useNonSpecCompliantPointerOrigin: false, moz:webdriverClick: true, pageLoadStrategy: normal, platform: WINDOWS, platformName: WINDOWS, platformVersion: 10.0, rotatable: false, setWindowRect: true, strictFileInteractability: false, timeouts: {implicit: 0, pageLoad: 300000, script: 30000}, unhandledPromptBehavior: dismiss and notify}&#10;Session ID: ac66e3d5-3212-4874-a841-56f1bae7c2bd&#10;*** Element info: {Using=css selector, value=[type=&apos;password&apos;]}" type="org.openqa.selenium.NoSuchSessionException">org.openqa.selenium.NoSuchSessionException: 
Tried to run command without establishing a connection
Build info: version: '3.141.59', revision: 'e82be7d358', time: '2018-11-14T08:17:03'
System info: host: 'LAPTOP-M6F29H3O', ip: '192.168.1.102', os.name: 'Windows 10', os.arch: 'amd64', os.version: '10.0', java.version: '1.8.0_241'
Driver info: org.openqa.selenium.firefox.FirefoxDriver
Capabilities {acceptInsecureCerts: true, browserName: firefox, browserVersion: 77.0.1, javascriptEnabled: true, moz:accessibilityChecks: false, moz:buildID: 20200602222727, moz:geckodriverVersion: 0.26.0, moz:headless: false, moz:processID: 1212, moz:profile: C:\Users\rames\AppData\Loca..., moz:shutdownTimeout: 60000, moz:useNonSpecCompliantPointerOrigin: false, moz:webdriverClick: true, pageLoadStrategy: normal, platform: WINDOWS, platformName: WINDOWS, platformVersion: 10.0, rotatable: false, setWindowRect: true, strictFileInteractability: false, timeouts: {implicit: 0, pageLoad: 300000, script: 30000}, unhandledPromptBehavior: dismiss and notify}
Session ID: ac66e3d5-3212-4874-a841-56f1bae7c2bd
*** Element info: {Using=css selector, value=[type='password']}
	at Academy.HomePage.basePageNavigation(HomePage.java:39)
</failure>
    <system-err><![CDATA[1593318630471	Marionette	WARN	TimedPromise timed out after 500 ms: stacktrace:
TimedPromise/<@chrome://marionette/content/sync.js:245:13
TimedPromise@chrome://marionette/content/sync.js:230:10
interaction.flushEventLoop@chrome://marionette/content/interaction.js:416:10
webdriverClickElement@chrome://marionette/content/interaction.js:182:31
1593318630569	Marionette	INFO	Stopped listening on port 50666
[Parent 2064, Gecko_IOThread] WARNING: file /builds/worker/checkouts/gecko/ipc/chromium/src/base/process_util_win.cc, line 166

###!!! [Parent][RunMessage] Error: Channel error: cannot send/recv


###!!! [Parent][RunMessage] Error: Channel error: cannot send/recv


###!!! [Child][RunMessage] Error: Channel closing: too late to send/recv, messages will be lost


###!!! [Child][MessageChannel::SendAndWait] Error: Channel error: cannot send/recv

1593318649484	Marionette	INFO	Stopped listening on port 50665
JavaScript error: resource://gre/modules/UrlClassifierListManager.jsm, line 691: TypeError: this.tablesData[table] is undefined

###!!! [Child][RunMessage] Error: Channel closing: too late to send/recv, messages will be lost


###!!! [Child][MessageChannel::SendAndWait] Error: Channel error: cannot send/recv

]]></system-err>
  </testcase>
  <testcase name="basePageNavigation" classname="Academy.HomePage" time="29.028">
    <failure message="Tried to run command without establishing a connection&#10;Build info: version: &apos;3.141.59&apos;, revision: &apos;e82be7d358&apos;, time: &apos;2018-11-14T08:17:03&apos;&#10;System info: host: &apos;LAPTOP-M6F29H3O&apos;, ip: &apos;192.168.1.102&apos;, os.name: &apos;Windows 10&apos;, os.arch: &apos;amd64&apos;, os.version: &apos;10.0&apos;, java.version: &apos;1.8.0_241&apos;&#10;Driver info: org.openqa.selenium.firefox.FirefoxDriver&#10;Capabilities {acceptInsecureCerts: true, browserName: firefox, browserVersion: 77.0.1, javascriptEnabled: true, moz:accessibilityChecks: false, moz:buildID: 20200602222727, moz:geckodriverVersion: 0.26.0, moz:headless: false, moz:processID: 1212, moz:profile: C:\Users\rames\AppData\Loca..., moz:shutdownTimeout: 60000, moz:useNonSpecCompliantPointerOrigin: false, moz:webdriverClick: true, pageLoadStrategy: normal, platform: WINDOWS, platformName: WINDOWS, platformVersion: 10.0, rotatable: false, setWindowRect: true, strictFileInteractability: false, timeouts: {implicit: 0, pageLoad: 300000, script: 30000}, unhandledPromptBehavior: dismiss and notify}&#10;Session ID: ac66e3d5-3212-4874-a841-56f1bae7c2bd" type="org.openqa.selenium.NoSuchSessionException">org.openqa.selenium.NoSuchSessionException: 
Tried to run command without establishing a connection
Build info: version: '3.141.59', revision: 'e82be7d358', time: '2018-11-14T08:17:03'
System info: host: 'LAPTOP-M6F29H3O', ip: '192.168.1.102', os.name: 'Windows 10', os.arch: 'amd64', os.version: '10.0', java.version: '1.8.0_241'
Driver info: org.openqa.selenium.firefox.FirefoxDriver
Capabilities {acceptInsecureCerts: true, browserName: firefox, browserVersion: 77.0.1, javascriptEnabled: true, moz:accessibilityChecks: false, moz:buildID: 20200602222727, moz:geckodriverVersion: 0.26.0, moz:headless: false, moz:processID: 1212, moz:profile: C:\Users\rames\AppData\Loca..., moz:shutdownTimeout: 60000, moz:useNonSpecCompliantPointerOrigin: false, moz:webdriverClick: true, pageLoadStrategy: normal, platform: WINDOWS, platformName: WINDOWS, platformVersion: 10.0, rotatable: false, setWindowRect: true, strictFileInteractability: false, timeouts: {implicit: 0, pageLoad: 300000, script: 30000}, unhandledPromptBehavior: dismiss and notify}
Session ID: ac66e3d5-3212-4874-a841-56f1bae7c2bd
</failure>
  </testcase>
  <testcase name="teardown" classname="Academy.HomePage" time="29.033">
    <failure message="Tried to run command without establishing a connection&#10;Build info: version: &apos;3.141.59&apos;, revision: &apos;e82be7d358&apos;, time: &apos;2018-11-14T08:17:03&apos;&#10;System info: host: &apos;LAPTOP-M6F29H3O&apos;, ip: &apos;192.168.1.102&apos;, os.name: &apos;Windows 10&apos;, os.arch: &apos;amd64&apos;, os.version: &apos;10.0&apos;, java.version: &apos;1.8.0_241&apos;&#10;Driver info: org.openqa.selenium.firefox.FirefoxDriver&#10;Capabilities {acceptInsecureCerts: true, browserName: firefox, browserVersion: 77.0.1, javascriptEnabled: true, moz:accessibilityChecks: false, moz:buildID: 20200602222727, moz:geckodriverVersion: 0.26.0, moz:headless: false, moz:processID: 1212, moz:profile: C:\Users\rames\AppData\Loca..., moz:shutdownTimeout: 60000, moz:useNonSpecCompliantPointerOrigin: false, moz:webdriverClick: true, pageLoadStrategy: normal, platform: WINDOWS, platformName: WINDOWS, platformVersion: 10.0, rotatable: false, setWindowRect: true, strictFileInteractability: false, timeouts: {implicit: 0, pageLoad: 300000, script: 30000}, unhandledPromptBehavior: dismiss and notify}&#10;Session ID: ac66e3d5-3212-4874-a841-56f1bae7c2bd" type="org.openqa.selenium.NoSuchSessionException">org.openqa.selenium.NoSuchSessionException: 
Tried to run command without establishing a connection
Build info: version: '3.141.59', revision: 'e82be7d358', time: '2018-11-14T08:17:03'
System info: host: 'LAPTOP-M6F29H3O', ip: '192.168.1.102', os.name: 'Windows 10', os.arch: 'amd64', os.version: '10.0', java.version: '1.8.0_241'
Driver info: org.openqa.selenium.firefox.FirefoxDriver
Capabilities {acceptInsecureCerts: true, browserName: firefox, browserVersion: 77.0.1, javascriptEnabled: true, moz:accessibilityChecks: false, moz:buildID: 20200602222727, moz:geckodriverVersion: 0.26.0, moz:headless: false, moz:processID: 1212, moz:profile: C:\Users\rames\AppData\Loca..., moz:shutdownTimeout: 60000, moz:useNonSpecCompliantPointerOrigin: false, moz:webdriverClick: true, pageLoadStrategy: normal, platform: WINDOWS, platformName: WINDOWS, platformVersion: 10.0, rotatable: false, setWindowRect: true, strictFileInteractability: false, timeouts: {implicit: 0, pageLoad: 300000, script: 30000}, unhandledPromptBehavior: dismiss and notify}
Session ID: ac66e3d5-3212-4874-a841-56f1bae7c2bd
	at Academy.HomePage.teardown(HomePage.java:52)
</failure>
  </testcase>
</testsuite>